2020-02-01 21:01:01.049 ERROR 8546 --- [pool-1-thread-1] o.s.s.s.TaskUtils$LoggingErrorHandler    : Unexpected error occurred in scheduled task.
2020-02-02 19:15:00.071 ERROR 8546 --- [pool-1-thread-1] o.s.s.s.TaskUtils$LoggingErrorHandler    : Unexpected error occurred in scheduled task.
2020-02-04 15:18:58.551 ERROR 113888 --- [nio-8077-exec-9] o.a.c.c.C.[.[.[/].[dispatcherServlet]    : Servlet.service() for servlet [dispatcherServlet] in context with path [] threw exception [Request processing failed; nested exception is java.lang.NullPointerException] with root cause
2020-02-04 15:19:01.139 ERROR 113888 --- [nio-8077-exec-8] o.a.c.c.C.[.[.[/].[dispatcherServlet]    : Servlet.service() for servlet [dispatcherServlet] in context with path [] threw exception [Request processing failed; nested exception is java.lang.NullPointerException] with root cause
2020-02-04 15:19:02.336 ERROR 113888 --- [nio-8077-exec-7] o.a.c.c.C.[.[.[/].[dispatcherServlet]    : Servlet.service() for servlet [dispatcherServlet] in context with path [] threw exception [Request processing failed; nested exception is java.lang.NullPointerException] with root cause
2020-02-04 15:19:04.258 ERROR 113888 --- [nio-8077-exec-4] o.a.c.c.C.[.[.[/].[dispatcherServlet]    : Servlet.service() for servlet [dispatcherServlet] in context with path [] threw exception [Request processing failed; nested exception is java.lang.NullPointerException] with root cause
2020-02-04 15:19:04.780 ERROR 113888 --- [nio-8077-exec-1] o.a.c.c.C.[.[.[/].[dispatcherServlet]    : Servlet.service() for servlet [dispatcherServlet] in context with path [] threw exception [Request processing failed; nested exception is java.lang.NullPointerException] with root cause
2020-02-04 15:22:29.489 ERROR 113888 --- [nio-8077-exec-3] o.a.c.c.C.[.[.[/].[dispatcherServlet]    : Servlet.service() for servlet [dispatcherServlet] in context with path [] threw exception [Request processing failed; nested exception is java.lang.NullPointerException] with root cause
2020-02-04 15:24:23.789 ERROR 113888 --- [nio-8077-exec-3] o.a.c.c.C.[.[.[/].[dispatcherServlet]    : Servlet.service() for servlet [dispatcherServlet] in context with path [] threw exception [Request processing failed; nested exception is java.lang.NullPointerException] with root cause
2020-02-04 15:24:33.811 ERROR 113888 --- [nio-8077-exec-2] o.a.c.c.C.[.[.[/].[dispatcherServlet]    : Servlet.service() for servlet [dispatcherServlet] in context with path [] threw exception [Request processing failed; nested exception is java.lang.NullPointerException] with root cause
2020-02-04 15:25:47.696 ERROR 113888 --- [io-8077-exec-10] o.a.c.c.C.[.[.[/].[dispatcherServlet]    : Servlet.service() for servlet [dispatcherServlet] in context with path [] threw exception [Request processing failed; nested exception is java.lang.NullPointerException] with root cause
2020-02-04 15:25:53.641 ERROR 113888 --- [nio-8077-exec-5] o.a.c.c.C.[.[.[/].[dispatcherServlet]    : Servlet.service() for servlet [dispatcherServlet] in context with path [] threw exception [Request processing failed; nested exception is java.lang.NullPointerException] with root cause
2020-02-04 15:26:47.655 ERROR 113888 --- [nio-8077-exec-2] o.a.c.c.C.[.[.[/].[dispatcherServlet]    : Servlet.service() for servlet [dispatcherServlet] in context with path [] threw exception [Request processing failed; nested exception is java.lang.NullPointerException] with root cause
2020-02-04 15:28:16.593 ERROR 113888 --- [nio-8077-exec-1] o.a.c.c.C.[.[.[/].[dispatcherServlet]    : Servlet.service() for servlet [dispatcherServlet] in context with path [] threw exception [Request processing failed; nested exception is java.lang.NullPointerException] with root cause
2020-02-04 15:29:20.823 ERROR 113888 --- [nio-8077-exec-5] o.a.c.c.C.[.[.[/].[dispatcherServlet]    : Servlet.service() for servlet [dispatcherServlet] in context with path [] threw exception [Request processing failed; nested exception is java.lang.NullPointerException] with root cause
2020-02-04 15:29:34.919 ERROR 113888 --- [nio-8077-exec-5] o.a.c.c.C.[.[.[/].[dispatcherServlet]    : Servlet.service() for servlet [dispatcherServlet] in context with path [] threw exception [Request processing failed; nested exception is java.lang.NullPointerException] with root cause
2020-02-04 15:29:54.141 ERROR 113888 --- [nio-8077-exec-4] o.a.c.c.C.[.[.[/].[dispatcherServlet]    : Servlet.service() for servlet [dispatcherServlet] in context with path [] threw exception [Request processing failed; nested exception is java.lang.NullPointerException] with root cause
2020-02-04 15:30:21.413 ERROR 113888 --- [nio-8077-exec-4] o.a.c.c.C.[.[.[/].[dispatcherServlet]    : Servlet.service() for servlet [dispatcherServlet] in context with path [] threw exception [Request processing failed; nested exception is java.lang.NullPointerException] with root cause
2020-02-04 15:30:44.946 ERROR 113888 --- [nio-8077-exec-1] o.a.c.c.C.[.[.[/].[dispatcherServlet]    : Servlet.service() for servlet [dispatcherServlet] in context with path [] threw exception [Request processing failed; nested exception is java.lang.NullPointerException] with root cause
2020-02-04 17:01:49.553 ERROR 113888 --- [nio-8077-exec-4] o.a.c.c.C.[.[.[/].[dispatcherServlet]    : Servlet.service() for servlet [dispatcherServlet] in context with path [] threw exception
2020-02-04 17:01:49.718 ERROR 113888 --- [io-8077-exec-10] o.a.c.c.C.[.[.[/].[dispatcherServlet]    : Servlet.service() for servlet [dispatcherServlet] in context with path [] threw exception
2020-02-04 17:01:50.550 ERROR 113888 --- [nio-8077-exec-2] o.a.c.c.C.[.[.[/].[dispatcherServlet]    : Servlet.service() for servlet [dispatcherServlet] in context with path [] threw exception
2020-02-04 19:15:00.035 ERROR 113888 --- [pool-1-thread-1] o.s.s.s.TaskUtils$LoggingErrorHandler    : Unexpected error occurred in scheduled task.
2020-02-05 19:15:00.033 ERROR 119282 --- [pool-1-thread-1] o.s.s.s.TaskUtils$LoggingErrorHandler    : Unexpected error occurred in scheduled task.
2020-02-07 08:26:44.501 ERROR 119282 --- [nio-8077-exec-6] o.a.c.c.C.[.[.[/].[dispatcherServlet]    : Servlet.service() for servlet [dispatcherServlet] in context with path [] threw exception
2020-02-08 15:56:59.425 ERROR 127637 --- [nio-8077-exec-5] o.a.c.c.C.[.[.[/].[dispatcherServlet]    : Servlet.service() for servlet [dispatcherServlet] in context with path [] threw exception
2020-02-08 15:56:59.425 ERROR 127637 --- [io-8077-exec-10] o.a.c.c.C.[.[.[/].[dispatcherServlet]    : Servlet.service() for servlet [dispatcherServlet] in context with path [] threw exception
2020-02-08 15:56:59.459 ERROR 127637 --- [nio-8077-exec-6] o.a.c.c.C.[.[.[/].[dispatcherServlet]    : Servlet.service() for servlet [dispatcherServlet] threw exception
2020-02-08 15:56:59.460 ERROR 127637 --- [nio-8077-exec-6] o.a.c.c.C.[.[.[/].[dispatcherServlet]    : Servlet.service() for servlet [dispatcherServlet] in context with path [] threw exception
2020-02-08 15:56:59.491 ERROR 127637 --- [nio-8077-exec-4] o.a.c.c.C.[.[.[/].[dispatcherServlet]    : Servlet.service() for servlet [dispatcherServlet] threw exception
2020-02-08 15:56:59.492 ERROR 127637 --- [nio-8077-exec-4] o.a.c.c.C.[.[.[/].[dispatcherServlet]    : Servlet.service() for servlet [dispatcherServlet] in context with path [] threw exception
2020-02-08 15:56:59.523 ERROR 127637 --- [nio-8077-exec-8] o.a.c.c.C.[.[.[/].[dispatcherServlet]    : Servlet.service() for servlet [dispatcherServlet] threw exception
2020-02-08 15:56:59.525 ERROR 127637 --- [nio-8077-exec-8] o.a.c.c.C.[.[.[/].[dispatcherServlet]    : Servlet.service() for servlet [dispatcherServlet] in context with path [] threw exception
2020-02-08 15:56:59.556 ERROR 127637 --- [nio-8077-exec-1] o.a.c.c.C.[.[.[/].[dispatcherServlet]    : Servlet.service() for servlet [dispatcherServlet] threw exception
2020-02-08 15:56:59.557 ERROR 127637 --- [nio-8077-exec-1] o.a.c.c.C.[.[.[/].[dispatcherServlet]    : Servlet.service() for servlet [dispatcherServlet] in context with path [] threw exception
2020-02-08 15:56:59.586 ERROR 127637 --- [nio-8077-exec-3] o.a.c.c.C.[.[.[/].[dispatcherServlet]    : Servlet.service() for servlet [dispatcherServlet] threw exception
2020-02-08 15:56:59.587 ERROR 127637 --- [nio-8077-exec-3] o.a.c.c.C.[.[.[/].[dispatcherServlet]    : Servlet.service() for servlet [dispatcherServlet] in context with path [] threw exception
2020-02-08 15:56:59.618 ERROR 127637 --- [nio-8077-exec-9] o.a.c.c.C.[.[.[/].[dispatcherServlet]    : Servlet.service() for servlet [dispatcherServlet] threw exception
2020-02-08 15:56:59.620 ERROR 127637 --- [nio-8077-exec-9] o.a.c.c.C.[.[.[/].[dispatcherServlet]    : Servlet.service() for servlet [dispatcherServlet] in context with path [] threw exception
2020-02-08 15:56:59.649 ERROR 127637 --- [nio-8077-exec-7] o.a.c.c.C.[.[.[/].[dispatcherServlet]    : Servlet.service() for servlet [dispatcherServlet] threw exception
2020-02-08 15:56:59.650 ERROR 127637 --- [nio-8077-exec-7] o.a.c.c.C.[.[.[/].[dispatcherServlet]    : Servlet.service() for servlet [dispatcherServlet] in context with path [] threw exception
2020-02-08 15:56:59.680 ERROR 127637 --- [nio-8077-exec-2] o.a.c.c.C.[.[.[/].[dispatcherServlet]    : Servlet.service() for servlet [dispatcherServlet] threw exception
2020-02-08 15:56:59.681 ERROR 127637 --- [nio-8077-exec-2] o.a.c.c.C.[.[.[/].[dispatcherServlet]    : Servlet.service() for servlet [dispatcherServlet] in context with path [] threw exception
2020-02-08 15:56:59.712 ERROR 127637 --- [nio-8077-exec-5] o.a.c.c.C.[.[.[/].[dispatcherServlet]    : Servlet.service() for servlet [dispatcherServlet] threw exception
2020-02-08 15:56:59.713 ERROR 127637 --- [nio-8077-exec-5] o.a.c.c.C.[.[.[/].[dispatcherServlet]    : Servlet.service() for servlet [dispatcherServlet] in context with path [] threw exception
2020-02-08 15:56:59.742 ERROR 127637 --- [io-8077-exec-10] o.a.c.c.C.[.[.[/].[dispatcherServlet]    : Servlet.service() for servlet [dispatcherServlet] threw exception
2020-02-08 15:56:59.743 ERROR 127637 --- [io-8077-exec-10] o.a.c.c.C.[.[.[/].[dispatcherServlet]    : Servlet.service() for servlet [dispatcherServlet] in context with path [] threw exception
2020-02-08 15:56:59.774 ERROR 127637 --- [nio-8077-exec-6] o.a.c.c.C.[.[.[/].[dispatcherServlet]    : Servlet.service() for servlet [dispatcherServlet] threw exception
2020-02-08 15:56:59.775 ERROR 127637 --- [nio-8077-exec-6] o.a.c.c.C.[.[.[/].[dispatcherServlet]    : Servlet.service() for servlet [dispatcherServlet] in context with path [] threw exception
2020-02-08 15:56:59.805 ERROR 127637 --- [nio-8077-exec-4] o.a.c.c.C.[.[.[/].[dispatcherServlet]    : Servlet.service() for servlet [dispatcherServlet] threw exception
2020-02-08 15:56:59.806 ERROR 127637 --- [nio-8077-exec-4] o.a.c.c.C.[.[.[/].[dispatcherServlet]    : Servlet.service() for servlet [dispatcherServlet] in context with path [] threw exception
2020-02-08 15:56:59.837 ERROR 127637 --- [nio-8077-exec-8] o.a.c.c.C.[.[.[/].[dispatcherServlet]    : Servlet.service() for servlet [dispatcherServlet] threw exception
2020-02-08 15:56:59.838 ERROR 127637 --- [nio-8077-exec-8] o.a.c.c.C.[.[.[/].[dispatcherServlet]    : Servlet.service() for servlet [dispatcherServlet] in context with path [] threw exception
2020-02-08 15:56:59.871 ERROR 127637 --- [nio-8077-exec-1] o.a.c.c.C.[.[.[/].[dispatcherServlet]    : Servlet.service() for servlet [dispatcherServlet] threw exception
2020-02-08 15:56:59.873 ERROR 127637 --- [nio-8077-exec-1] o.a.c.c.C.[.[.[/].[dispatcherServlet]    : Servlet.service() for servlet [dispatcherServlet] in context with path [] threw exception
2020-02-08 15:56:59.907 ERROR 127637 --- [nio-8077-exec-3] o.a.c.c.C.[.[.[/].[dispatcherServlet]    : Servlet.service() for servlet [dispatcherServlet] threw exception
2020-02-08 15:56:59.908 ERROR 127637 --- [nio-8077-exec-3] o.a.c.c.C.[.[.[/].[dispatcherServlet]    : Servlet.service() for servlet [dispatcherServlet] in context with path [] threw exception
2020-02-08 15:56:59.940 ERROR 127637 --- [nio-8077-exec-9] o.a.c.c.C.[.[.[/].[dispatcherServlet]    : Servlet.service() for servlet [dispatcherServlet] threw exception
2020-02-08 15:56:59.941 ERROR 127637 --- [nio-8077-exec-9] o.a.c.c.C.[.[.[/].[dispatcherServlet]    : Servlet.service() for servlet [dispatcherServlet] in context with path [] threw exception
2020-02-08 15:56:59.972 ERROR 127637 --- [nio-8077-exec-7] o.a.c.c.C.[.[.[/].[dispatcherServlet]    : Servlet.service() for servlet [dispatcherServlet] threw exception
2020-02-08 15:56:59.972 ERROR 127637 --- [nio-8077-exec-7] o.a.c.c.C.[.[.[/].[dispatcherServlet]    : Servlet.service() for servlet [dispatcherServlet] in context with path [] threw exception
2020-02-08 15:57:00.002 ERROR 127637 --- [nio-8077-exec-2] o.a.c.c.C.[.[.[/].[dispatcherServlet]    : Servlet.service() for servlet [dispatcherServlet] threw exception
2020-02-08 15:57:00.003 ERROR 127637 --- [nio-8077-exec-2] o.a.c.c.C.[.[.[/].[dispatcherServlet]    : Servlet.service() for servlet [dispatcherServlet] in context with path [] threw exception
2020-02-08 15:57:00.035 ERROR 127637 --- [nio-8077-exec-5] o.a.c.c.C.[.[.[/].[dispatcherServlet]    : Servlet.service() for servlet [dispatcherServlet] threw exception
2020-02-08 15:57:00.037 ERROR 127637 --- [nio-8077-exec-5] o.a.c.c.C.[.[.[/].[dispatcherServlet]    : Servlet.service() for servlet [dispatcherServlet] in context with path [] threw exception
2020-02-08 15:57:00.076 ERROR 127637 --- [io-8077-exec-10] o.a.c.c.C.[.[.[/].[dispatcherServlet]    : Servlet.service() for servlet [dispatcherServlet] threw exception
2020-02-08 15:57:00.078 ERROR 127637 --- [io-8077-exec-10] o.a.c.c.C.[.[.[/].[dispatcherServlet]    : Servlet.service() for servlet [dispatcherServlet] in context with path [] threw exception
2020-02-08 15:57:00.110 ERROR 127637 --- [nio-8077-exec-6] o.a.c.c.C.[.[.[/].[dispatcherServlet]    : Servlet.service() for servlet [dispatcherServlet] threw exception
2020-02-08 15:57:00.111 ERROR 127637 --- [nio-8077-exec-6] o.a.c.c.C.[.[.[/].[dispatcherServlet]    : Servlet.service() for servlet [dispatcherServlet] in context with path [] threw exception
2020-02-08 15:57:00.143 ERROR 127637 --- [nio-8077-exec-4] o.a.c.c.C.[.[.[/].[dispatcherServlet]    : Servlet.service() for servlet [dispatcherServlet] threw exception
2020-02-08 15:57:00.144 ERROR 127637 --- [nio-8077-exec-4] o.a.c.c.C.[.[.[/].[dispatcherServlet]    : Servlet.service() for servlet [dispatcherServlet] in context with path [] threw exception
2020-02-08 15:57:00.179 ERROR 127637 --- [nio-8077-exec-8] o.a.c.c.C.[.[.[/].[dispatcherServlet]    : Servlet.service() for servlet [dispatcherServlet] threw exception
2020-02-08 15:57:00.180 ERROR 127637 --- [nio-8077-exec-8] o.a.c.c.C.[.[.[/].[dispatcherServlet]    : Servlet.service() for servlet [dispatcherServlet] in context with path [] threw exception
2020-02-08 15:57:00.211 ERROR 127637 --- [nio-8077-exec-1] o.a.c.c.C.[.[.[/].[dispatcherServlet]    : Servlet.service() for servlet [dispatcherServlet] threw exception
2020-02-08 15:57:00.212 ERROR 127637 --- [nio-8077-exec-1] o.a.c.c.C.[.[.[/].[dispatcherServlet]    : Servlet.service() for servlet [dispatcherServlet] in context with path [] threw exception
2020-02-08 15:57:00.253 ERROR 127637 --- [nio-8077-exec-3] o.a.c.c.C.[.[.[/].[dispatcherServlet]    : Servlet.service() for servlet [dispatcherServlet] threw exception
2020-02-08 15:57:00.254 ERROR 127637 --- [nio-8077-exec-3] o.a.c.c.C.[.[.[/].[dispatcherServlet]    : Servlet.service() for servlet [dispatcherServlet] in context with path [] threw exception
2020-02-08 15:57:00.286 ERROR 127637 --- [nio-8077-exec-9] o.a.c.c.C.[.[.[/].[dispatcherServlet]    : Servlet.service() for servlet [dispatcherServlet] threw exception
2020-02-08 15:57:00.287 ERROR 127637 --- [nio-8077-exec-9] o.a.c.c.C.[.[.[/].[dispatcherServlet]    : Servlet.service() for servlet [dispatcherServlet] in context with path [] threw exception
2020-02-08 15:57:00.317 ERROR 127637 --- [nio-8077-exec-7] o.a.c.c.C.[.[.[/].[dispatcherServlet]    : Servlet.service() for servlet [dispatcherServlet] threw exception
2020-02-08 15:57:00.318 ERROR 127637 --- [nio-8077-exec-7] o.a.c.c.C.[.[.[/].[dispatcherServlet]    : Servlet.service() for servlet [dispatcherServlet] in context with path [] threw exception
2020-02-08 15:57:00.347 ERROR 127637 --- [nio-8077-exec-2] o.a.c.c.C.[.[.[/].[dispatcherServlet]    : Servlet.service() for servlet [dispatcherServlet] threw exception
2020-02-08 15:57:00.348 ERROR 127637 --- [nio-8077-exec-2] o.a.c.c.C.[.[.[/].[dispatcherServlet]    : Servlet.service() for servlet [dispatcherServlet] in context with path [] threw exception
2020-02-08 15:57:00.378 ERROR 127637 --- [nio-8077-exec-5] o.a.c.c.C.[.[.[/].[dispatcherServlet]    : Servlet.service() for servlet [dispatcherServlet] threw exception
2020-02-08 15:57:00.379 ERROR 127637 --- [nio-8077-exec-5] o.a.c.c.C.[.[.[/].[dispatcherServlet]    : Servlet.service() for servlet [dispatcherServlet] in context with path [] threw exception
2020-02-08 15:57:00.408 ERROR 127637 --- [io-8077-exec-10] o.a.c.c.C.[.[.[/].[dispatcherServlet]    : Servlet.service() for servlet [dispatcherServlet] threw exception
2020-02-08 15:57:00.409 ERROR 127637 --- [io-8077-exec-10] o.a.c.c.C.[.[.[/].[dispatcherServlet]    : Servlet.service() for servlet [dispatcherServlet] in context with path [] threw exception
2020-02-08 15:57:00.437 ERROR 127637 --- [nio-8077-exec-6] o.a.c.c.C.[.[.[/].[dispatcherServlet]    : Servlet.service() for servlet [dispatcherServlet] threw exception
2020-02-08 15:57:00.438 ERROR 127637 --- [nio-8077-exec-6] o.a.c.c.C.[.[.[/].[dispatcherServlet]    : Servlet.service() for servlet [dispatcherServlet] in context with path [] threw exception
2020-02-08 15:57:00.466 ERROR 127637 --- [nio-8077-exec-4] o.a.c.c.C.[.[.[/].[dispatcherServlet]    : Servlet.service() for servlet [dispatcherServlet] threw exception
2020-02-08 15:57:00.467 ERROR 127637 --- [nio-8077-exec-4] o.a.c.c.C.[.[.[/].[dispatcherServlet]    : Servlet.service() for servlet [dispatcherServlet] in context with path [] threw exception
2020-02-08 15:57:00.498 ERROR 127637 --- [nio-8077-exec-8] o.a.c.c.C.[.[.[/].[dispatcherServlet]    : Servlet.service() for servlet [dispatcherServlet] threw exception
2020-02-08 15:57:00.499 ERROR 127637 --- [nio-8077-exec-8] o.a.c.c.C.[.[.[/].[dispatcherServlet]    : Servlet.service() for servlet [dispatcherServlet] in context with path [] threw exception
2020-02-08 15:57:00.530 ERROR 127637 --- [nio-8077-exec-1] o.a.c.c.C.[.[.[/].[dispatcherServlet]    : Servlet.service() for servlet [dispatcherServlet] threw exception
2020-02-08 15:57:00.531 ERROR 127637 --- [nio-8077-exec-1] o.a.c.c.C.[.[.[/].[dispatcherServlet]    : Servlet.service() for servlet [dispatcherServlet] in context with path [] threw exception
2020-02-08 15:57:00.561 ERROR 127637 --- [nio-8077-exec-3] o.a.c.c.C.[.[.[/].[dispatcherServlet]    : Servlet.service() for servlet [dispatcherServlet] threw exception
2020-02-08 15:57:00.562 ERROR 127637 --- [nio-8077-exec-3] o.a.c.c.C.[.[.[/].[dispatcherServlet]    : Servlet.service() for servlet [dispatcherServlet] in context with path [] threw exception
2020-02-08 15:57:00.592 ERROR 127637 --- [nio-8077-exec-9] o.a.c.c.C.[.[.[/].[dispatcherServlet]    : Servlet.service() for servlet [dispatcherServlet] threw exception
2020-02-08 15:57:00.593 ERROR 127637 --- [nio-8077-exec-9] o.a.c.c.C.[.[.[/].[dispatcherServlet]    : Servlet.service() for servlet [dispatcherServlet] in context with path [] threw exception
2020-02-08 15:57:00.621 ERROR 127637 --- [nio-8077-exec-7] o.a.c.c.C.[.[.[/].[dispatcherServlet]    : Servlet.service() for servlet [dispatcherServlet] threw exception
2020-02-08 15:57:00.622 ERROR 127637 --- [nio-8077-exec-7] o.a.c.c.C.[.[.[/].[dispatcherServlet]    : Servlet.service() for servlet [dispatcherServlet] in context with path [] threw exception
2020-02-08 15:57:00.654 ERROR 127637 --- [nio-8077-exec-2] o.a.c.c.C.[.[.[/].[dispatcherServlet]    : Servlet.service() for servlet [dispatcherServlet] threw exception
2020-02-08 15:57:00.656 ERROR 127637 --- [nio-8077-exec-2] o.a.c.c.C.[.[.[/].[dispatcherServlet]    : Servlet.service() for servlet [dispatcherServlet] in context with path [] threw exception
2020-02-08 15:57:00.685 ERROR 127637 --- [nio-8077-exec-5] o.a.c.c.C.[.[.[/].[dispatcherServlet]    : Servlet.service() for servlet [dispatcherServlet] threw exception
2020-02-08 15:57:00.686 ERROR 127637 --- [nio-8077-exec-5] o.a.c.c.C.[.[.[/].[dispatcherServlet]    : Servlet.service() for servlet [dispatcherServlet] in context with path [] threw exception
2020-02-08 15:57:00.715 ERROR 127637 --- [io-8077-exec-10] o.a.c.c.C.[.[.[/].[dispatcherServlet]    : Servlet.service() for servlet [dispatcherServlet] threw exception
2020-02-08 15:57:00.716 ERROR 127637 --- [io-8077-exec-10] o.a.c.c.C.[.[.[/].[dispatcherServlet]    : Servlet.service() for servlet [dispatcherServlet] in context with path [] threw exception
2020-02-08 19:15:00.208 ERROR 129886 --- [pool-1-thread-1] o.s.s.s.TaskUtils$LoggingErrorHandler    : Unexpected error occurred in scheduled task.
2020-02-10 19:15:00.029 ERROR 129886 --- [pool-1-thread-1] o.s.s.s.TaskUtils$LoggingErrorHandler    : Unexpected error occurred in scheduled task.
2020-02-11 19:15:00.028 ERROR 129886 --- [pool-1-thread-1] o.s.s.s.TaskUtils$LoggingErrorHandler    : Unexpected error occurred in scheduled task.
2020-02-14 19:15:00.159 ERROR 129886 --- [pool-1-thread-1] o.s.s.s.TaskUtils$LoggingErrorHandler    : Unexpected error occurred in scheduled task.
2020-02-15 19:15:00.814 ERROR 129886 --- [pool-1-thread-1] o.s.s.s.TaskUtils$LoggingErrorHandler    : Unexpected error occurred in scheduled task.
2020-02-16 19:15:00.092 ERROR 129886 --- [pool-1-thread-1] o.s.s.s.TaskUtils$LoggingErrorHandler    : Unexpected error occurred in scheduled task.
2020-02-17 19:15:00.065 ERROR 129886 --- [pool-1-thread-1] o.s.s.s.TaskUtils$LoggingErrorHandler    : Unexpected error occurred in scheduled task.
2020-02-19 19:15:00.037 ERROR 129886 --- [pool-1-thread-1] o.s.s.s.TaskUtils$LoggingErrorHandler    : Unexpected error occurred in scheduled task.
2020-02-21 19:15:00.023 ERROR 129886 --- [pool-1-thread-1] o.s.s.s.TaskUtils$LoggingErrorHandler    : Unexpected error occurred in scheduled task.
2020-02-22 19:15:00.028 ERROR 129886 --- [pool-1-thread-1] o.s.s.s.TaskUtils$LoggingErrorHandler    : Unexpected error occurred in scheduled task.
2020-02-26 19:15:00.057 ERROR 129886 --- [pool-1-thread-1] o.s.s.s.TaskUtils$LoggingErrorHandler    : Unexpected error occurred in scheduled task.
2020-02-29 19:15:00.034 ERROR 129886 --- [pool-1-thread-1] o.s.s.s.TaskUtils$LoggingErrorHandler    : Unexpected error occurred in scheduled task.
